<?xml version="1.0" encoding="UTF-8"?>
<testsuite xmlns:xsi="http://www.w3.org/2001/XMLSchema-instance" xsi:noNamespaceSchemaLocation="https://maven.apache.org/surefire/maven-surefire-plugin/xsd/surefire-test-report.xsd" name="runners.TestRunner" time="43.272" tests="40" errors="0" skipped="0" failures="0">
  <properties>
    <property name="java.specification.version" value="15"/>
    <property name="sun.jnu.encoding" value="UTF-8"/>
    <property name="java.class.path" value="/Users/auritradeb/eclipse-workspace/bddframework/target/test-classes:/Users/auritradeb/eclipse-workspace/bddframework/target/classes:/Users/auritradeb/.m2/repository/junit/junit/4.13.1/junit-4.13.1.jar:/Users/auritradeb/.m2/repository/org/hamcrest/hamcrest-core/1.3/hamcrest-core-1.3.jar:/Users/auritradeb/.m2/repository/org/seleniumhq/selenium/selenium-java/3.141.59/selenium-java-3.141.59.jar:/Users/auritradeb/.m2/repository/org/seleniumhq/selenium/selenium-api/3.141.59/selenium-api-3.141.59.jar:/Users/auritradeb/.m2/repository/org/seleniumhq/selenium/selenium-chrome-driver/3.141.59/selenium-chrome-driver-3.141.59.jar:/Users/auritradeb/.m2/repository/org/seleniumhq/selenium/selenium-edge-driver/3.141.59/selenium-edge-driver-3.141.59.jar:/Users/auritradeb/.m2/repository/org/seleniumhq/selenium/selenium-firefox-driver/3.141.59/selenium-firefox-driver-3.141.59.jar:/Users/auritradeb/.m2/repository/org/seleniumhq/selenium/selenium-ie-driver/3.141.59/selenium-ie-driver-3.141.59.jar:/Users/auritradeb/.m2/repository/org/seleniumhq/selenium/selenium-opera-driver/3.141.59/selenium-opera-driver-3.141.59.jar:/Users/auritradeb/.m2/repository/org/seleniumhq/selenium/selenium-remote-driver/3.141.59/selenium-remote-driver-3.141.59.jar:/Users/auritradeb/.m2/repository/org/seleniumhq/selenium/selenium-safari-driver/3.141.59/selenium-safari-driver-3.141.59.jar:/Users/auritradeb/.m2/repository/org/seleniumhq/selenium/selenium-support/3.141.59/selenium-support-3.141.59.jar:/Users/auritradeb/.m2/repository/net/bytebuddy/byte-buddy/1.8.15/byte-buddy-1.8.15.jar:/Users/auritradeb/.m2/repository/org/apache/commons/commons-exec/1.3/commons-exec-1.3.jar:/Users/auritradeb/.m2/repository/com/google/guava/guava/25.0-jre/guava-25.0-jre.jar:/Users/auritradeb/.m2/repository/com/google/code/findbugs/jsr305/1.3.9/jsr305-1.3.9.jar:/Users/auritradeb/.m2/repository/org/checkerframework/checker-compat-qual/2.0.0/checker-compat-qual-2.0.0.jar:/Users/auritradeb/.m2/repository/com/google/errorprone/error_prone_annotations/2.1.3/error_prone_annotations-2.1.3.jar:/Users/auritradeb/.m2/repository/com/google/j2objc/j2objc-annotations/1.1/j2objc-annotations-1.1.jar:/Users/auritradeb/.m2/repository/org/codehaus/mojo/animal-sniffer-annotations/1.14/animal-sniffer-annotations-1.14.jar:/Users/auritradeb/.m2/repository/com/squareup/okhttp3/okhttp/3.11.0/okhttp-3.11.0.jar:/Users/auritradeb/.m2/repository/com/squareup/okio/okio/1.14.0/okio-1.14.0.jar:/Users/auritradeb/.m2/repository/info/cukes/cucumber-java/1.2.5/cucumber-java-1.2.5.jar:/Users/auritradeb/.m2/repository/info/cukes/cucumber-core/1.2.5/cucumber-core-1.2.5.jar:/Users/auritradeb/.m2/repository/info/cukes/cucumber-html/0.2.3/cucumber-html-0.2.3.jar:/Users/auritradeb/.m2/repository/info/cukes/gherkin/2.12.2/gherkin-2.12.2.jar:/Users/auritradeb/.m2/repository/info/cukes/cucumber-jvm-deps/1.0.5/cucumber-jvm-deps-1.0.5.jar:/Users/auritradeb/.m2/repository/info/cukes/cucumber-junit/1.2.5/cucumber-junit-1.2.5.jar:"/>
    <property name="java.vm.vendor" value="Oracle Corporation"/>
    <property name="sun.arch.data.model" value="64"/>
    <property name="java.vendor.url" value="https://java.oracle.com/"/>
    <property name="os.name" value="Mac OS X"/>
    <property name="java.vm.specification.version" value="15"/>
    <property name="sun.java.launcher" value="SUN_STANDARD"/>
    <property name="user.country" value="SG"/>
    <property name="sun.boot.library.path" value="/Library/Java/JavaVirtualMachines/jdk-15.0.2.jdk/Contents/Home/lib"/>
    <property name="sun.java.command" value="/Users/auritradeb/eclipse-workspace/bddframework/target/surefire/surefirebooter13970655949327375243.jar /Users/auritradeb/eclipse-workspace/bddframework/target/surefire 2021-02-26T06-10-25_974-jvmRun1 surefire6897413250511315243tmp surefire_06341631569927960538tmp"/>
    <property name="http.nonProxyHosts" value="local|*.local|169.254/16|*.169.254/16"/>
    <property name="jdk.debug" value="release"/>
    <property name="surefire.test.class.path" value="/Users/auritradeb/eclipse-workspace/bddframework/target/test-classes:/Users/auritradeb/eclipse-workspace/bddframework/target/classes:/Users/auritradeb/.m2/repository/junit/junit/4.13.1/junit-4.13.1.jar:/Users/auritradeb/.m2/repository/org/hamcrest/hamcrest-core/1.3/hamcrest-core-1.3.jar:/Users/auritradeb/.m2/repository/org/seleniumhq/selenium/selenium-java/3.141.59/selenium-java-3.141.59.jar:/Users/auritradeb/.m2/repository/org/seleniumhq/selenium/selenium-api/3.141.59/selenium-api-3.141.59.jar:/Users/auritradeb/.m2/repository/org/seleniumhq/selenium/selenium-chrome-driver/3.141.59/selenium-chrome-driver-3.141.59.jar:/Users/auritradeb/.m2/repository/org/seleniumhq/selenium/selenium-edge-driver/3.141.59/selenium-edge-driver-3.141.59.jar:/Users/auritradeb/.m2/repository/org/seleniumhq/selenium/selenium-firefox-driver/3.141.59/selenium-firefox-driver-3.141.59.jar:/Users/auritradeb/.m2/repository/org/seleniumhq/selenium/selenium-ie-driver/3.141.59/selenium-ie-driver-3.141.59.jar:/Users/auritradeb/.m2/repository/org/seleniumhq/selenium/selenium-opera-driver/3.141.59/selenium-opera-driver-3.141.59.jar:/Users/auritradeb/.m2/repository/org/seleniumhq/selenium/selenium-remote-driver/3.141.59/selenium-remote-driver-3.141.59.jar:/Users/auritradeb/.m2/repository/org/seleniumhq/selenium/selenium-safari-driver/3.141.59/selenium-safari-driver-3.141.59.jar:/Users/auritradeb/.m2/repository/org/seleniumhq/selenium/selenium-support/3.141.59/selenium-support-3.141.59.jar:/Users/auritradeb/.m2/repository/net/bytebuddy/byte-buddy/1.8.15/byte-buddy-1.8.15.jar:/Users/auritradeb/.m2/repository/org/apache/commons/commons-exec/1.3/commons-exec-1.3.jar:/Users/auritradeb/.m2/repository/com/google/guava/guava/25.0-jre/guava-25.0-jre.jar:/Users/auritradeb/.m2/repository/com/google/code/findbugs/jsr305/1.3.9/jsr305-1.3.9.jar:/Users/auritradeb/.m2/repository/org/checkerframework/checker-compat-qual/2.0.0/checker-compat-qual-2.0.0.jar:/Users/auritradeb/.m2/repository/com/google/errorprone/error_prone_annotations/2.1.3/error_prone_annotations-2.1.3.jar:/Users/auritradeb/.m2/repository/com/google/j2objc/j2objc-annotations/1.1/j2objc-annotations-1.1.jar:/Users/auritradeb/.m2/repository/org/codehaus/mojo/animal-sniffer-annotations/1.14/animal-sniffer-annotations-1.14.jar:/Users/auritradeb/.m2/repository/com/squareup/okhttp3/okhttp/3.11.0/okhttp-3.11.0.jar:/Users/auritradeb/.m2/repository/com/squareup/okio/okio/1.14.0/okio-1.14.0.jar:/Users/auritradeb/.m2/repository/info/cukes/cucumber-java/1.2.5/cucumber-java-1.2.5.jar:/Users/auritradeb/.m2/repository/info/cukes/cucumber-core/1.2.5/cucumber-core-1.2.5.jar:/Users/auritradeb/.m2/repository/info/cukes/cucumber-html/0.2.3/cucumber-html-0.2.3.jar:/Users/auritradeb/.m2/repository/info/cukes/gherkin/2.12.2/gherkin-2.12.2.jar:/Users/auritradeb/.m2/repository/info/cukes/cucumber-jvm-deps/1.0.5/cucumber-jvm-deps-1.0.5.jar:/Users/auritradeb/.m2/repository/info/cukes/cucumber-junit/1.2.5/cucumber-junit-1.2.5.jar:"/>
    <property name="sun.cpu.endian" value="little"/>
    <property name="user.home" value="/Users/auritradeb"/>
    <property name="user.language" value="en"/>
    <property name="java.specification.vendor" value="Oracle Corporation"/>
    <property name="java.version.date" value="2021-01-19"/>
    <property name="java.home" value="/Library/Java/JavaVirtualMachines/jdk-15.0.2.jdk/Contents/Home"/>
    <property name="file.separator" value="/"/>
    <property name="basedir" value="/Users/auritradeb/eclipse-workspace/bddframework"/>
    <property name="java.vm.compressedOopsMode" value="Zero based"/>
    <property name="line.separator" value="&#10;"/>
    <property name="java.specification.name" value="Java Platform API Specification"/>
    <property name="java.vm.specification.vendor" value="Oracle Corporation"/>
    <property name="surefire.real.class.path" value="/Users/auritradeb/eclipse-workspace/bddframework/target/surefire/surefirebooter13970655949327375243.jar"/>
    <property name="sun.management.compiler" value="HotSpot 64-Bit Tiered Compilers"/>
    <property name="ftp.nonProxyHosts" value="local|*.local|169.254/16|*.169.254/16"/>
    <property name="java.runtime.version" value="15.0.2+7-27"/>
    <property name="user.name" value="auritradeb"/>
    <property name="path.separator" value=":"/>
    <property name="os.version" value="10.16"/>
    <property name="java.runtime.name" value="Java(TM) SE Runtime Environment"/>
    <property name="file.encoding" value="UTF-8"/>
    <property name="java.vm.name" value="Java HotSpot(TM) 64-Bit Server VM"/>
    <property name="localRepository" value="/Users/auritradeb/.m2/repository"/>
    <property name="java.vendor.url.bug" value="https://bugreport.java.com/bugreport/"/>
    <property name="java.io.tmpdir" value="/var/folders/zn/y611lrrd68n38ff16n6swbrm0000gn/T/"/>
    <property name="java.version" value="15.0.2"/>
    <property name="user.dir" value="/Users/auritradeb/eclipse-workspace/bddframework"/>
    <property name="os.arch" value="x86_64"/>
    <property name="java.vm.specification.name" value="Java Virtual Machine Specification"/>
    <property name="java.library.path" value="/Users/auritradeb/Library/Java/Extensions:/Library/Java/Extensions:/Network/Library/Java/Extensions:/System/Library/Java/Extensions:/usr/lib/java:."/>
    <property name="java.vm.info" value="mixed mode, sharing"/>
    <property name="java.vendor" value="Oracle Corporation"/>
    <property name="java.vm.version" value="15.0.2+7-27"/>
    <property name="sun.io.unicode.encoding" value="UnicodeBig"/>
    <property name="socksNonProxyHosts" value="local|*.local|169.254/16|*.169.254/16"/>
    <property name="java.class.version" value="59.0"/>
  </properties>
  <testcase name="Given I navigate to &quot;http://demo.guru99.com/insurance/v1/index.php&quot; page" classname="Scenario: User will be able to log out" time="0"/>
  <testcase name="When I submit email as &quot;arijithere@gmail.com&quot; and password as &quot;password&quot;" classname="Scenario: User will be able to log out" time="0"/>
  <testcase name="Then user should be reditrected to &quot;http://demo.guru99.com/insurance/v1/header.php&quot; page" classname="Scenario: User will be able to log out" time="0"/>
  <testcase name="When I click on the &quot;Log Out&quot; button" classname="Scenario: User will be able to log out" time="0"/>
  <testcase name="Then I will be redirected to &quot;http://demo.guru99.com/insurance/v1/index.php&quot; page" classname="Scenario: User will be able to log out" time="0"/>
  <testcase name="Scenario: User will be able to log out" classname="Scenario: User will be able to log out" time="0.233"/>
  <testcase name="Given I navigate to &quot;http://demo.guru99.com/insurance/v1/index.php&quot; page" classname="Scenario: The logo of the insurance page is properly dispalyed" time="0.001"/>
  <testcase name="When I submit email as &quot;arijithere@gmail.com&quot; and password as &quot;password&quot;" classname="Scenario: The logo of the insurance page is properly dispalyed" time="0"/>
  <testcase name="Then user should be reditrected to &quot;http://demo.guru99.com/insurance/v1/header.php&quot; page" classname="Scenario: The logo of the insurance page is properly dispalyed" time="0"/>
  <testcase name="When I check the logo" classname="Scenario: The logo of the insurance page is properly dispalyed" time="0"/>
  <testcase name="Then I find its image source attribute as &quot;http://demo.guru99.com/logo.png&quot;" classname="Scenario: The logo of the insurance page is properly dispalyed" time="0"/>
  <testcase name="And I find its alternate source as &quot;Guru99 Demo Sites&quot;" classname="Scenario: The logo of the insurance page is properly dispalyed" time="0"/>
  <testcase name="And also when I check the logo text" classname="Scenario: The logo of the insurance page is properly dispalyed" time="0"/>
  <testcase name="Then I find the value as &quot;Demo Site&quot;" classname="Scenario: The logo of the insurance page is properly dispalyed" time="0"/>
  <testcase name="Scenario: The logo of the insurance page is properly dispalyed" classname="Scenario: The logo of the insurance page is properly dispalyed" time="0.189"/>
  <testcase name="Given I navigate to &quot;http://demo.guru99.com/insurance/v1/index.php&quot; page" classname="Scenario: The Selenium menubar toggle functionality is working properly" time="0"/>
  <testcase name="When I submit email as &quot;arijithere@gmail.com&quot; and password as &quot;password&quot;" classname="Scenario: The Selenium menubar toggle functionality is working properly" time="0"/>
  <testcase name="Then user should be reditrected to &quot;http://demo.guru99.com/insurance/v1/header.php&quot; page" classname="Scenario: The Selenium menubar toggle functionality is working properly" time="0"/>
  <testcase name="When I click on the Selenium menubar" classname="Scenario: The Selenium menubar toggle functionality is working properly" time="0"/>
  <testcase name="Then the following dropdown list is getting displayed" classname="Scenario: The Selenium menubar toggle functionality is working properly" time="0"/>
  <testcase name="Scenario: The Selenium menubar toggle functionality is working properly" classname="Scenario: The Selenium menubar toggle functionality is working properly" time="0.233"/>
  <testcase name="Given I move to &quot;https://rahulshettyacademy.com/seleniumPractise/#/&quot;(Scenario: Item" classname="s) checkout functionality" time="0"/>
  <testcase name="When I add the following in my shopping cart(Scenario: Item" classname="s) checkout functionality" time="0"/>
  <testcase name="And click the add to cart icon(Scenario: Item" classname="s) checkout functionality" time="0"/>
  <testcase name="And I click on the &quot;PROCEED TO CHECKOUT&quot; button to checkout(Scenario: Item" classname="s) checkout functionality" time="0"/>
  <testcase name="And I give promocode as &quot;rahulshettyacademy&quot;(Scenario: Item" classname="s) checkout functionality" time="0"/>
  <testcase name="And I click on the apply promocode button(Scenario: Item" classname="s) checkout functionality" time="0"/>
  <testcase name="Then I see the text &quot;Code applied ..!&quot;(Scenario: Item" classname="s) checkout functionality" time="0"/>
  <testcase name="Scenario: Item" classname="Scenario: Item(s) checkout functionality" time="0.153"/>
  <testcase name="Given I move to &quot;http://demo.guru99.com/test/radio.html&quot; page" classname="Scenario: Testing radio button count validation in a dummy test webpage" time="0"/>
  <testcase name="Then I find total 3 radio buttons on the page" classname="Scenario: Testing radio button count validation in a dummy test webpage" time="0"/>
  <testcase name="Scenario: Testing radio button count validation in a dummy test webpage" classname="Scenario: Testing radio button count validation in a dummy test webpage" time="0.219"/>
  <testcase name="Given I move to &quot;http://demo.guru99.com/test/radio.html&quot; page" classname="Scenario: Testing radio button selection validation in a dummy test webpage" time="0"/>
  <testcase name="When I select radio button with display text as &quot;Option 2&quot;" classname="Scenario: Testing radio button selection validation in a dummy test webpage" time="0"/>
  <testcase name="Then I see that the text message of the selected radio button is &quot;Option 2&quot;" classname="Scenario: Testing radio button selection validation in a dummy test webpage" time="0"/>
  <testcase name="Scenario: Testing radio button selection validation in a dummy test webpage" classname="Scenario: Testing radio button selection validation in a dummy test webpage" time="0.167"/>
  <testcase name="Given I go to &quot;https://rahulshettyacademy.com/dropdownsPractise/&quot; page" classname="Scenario: Testing Select dropdown in a dummy test webpage" time="0"/>
  <testcase name="When I select the currency dropdown as &quot;USD&quot;" classname="Scenario: Testing Select dropdown in a dummy test webpage" time="0"/>
  <testcase name="Then I find the actual dropdown value to be &quot;USD&quot;" classname="Scenario: Testing Select dropdown in a dummy test webpage" time="0"/>
  <testcase name="Scenario: Testing Select dropdown in a dummy test webpage" classname="Scenario: Testing Select dropdown in a dummy test webpage" time="0.147"/>
</testsuite>